Running: /opt/Xilinx/14.7/ISE_DS/ISE/bin/lin/unwrapped/fuse -intstyle ise -incremental -lib unisims_ver -lib unimacro_ver -lib xilinxcorelib_ver -lib secureip -o /home/karen/ARM16/blink_isim_beh.exe -prj /home/karen/ARM16/blink_beh.prj work.blink work.glbl 
ISim P.20131013 (signature 0xfbc00daa)
Number of CPUs detected in this system: 4
Turning on mult-threading, number of parallel sub-compilation jobs: 8 
Determining compilation order of HDL files
Analyzing Verilog file "/home/karen/ARM16/blink.v" into library work
Analyzing Verilog file "/opt/Xilinx/14.7/ISE_DS/ISE//verilog/src/glbl.v" into library work
Starting static elaboration
Completed static elaboration
Fuse Memory Usage: 37880 KB
Fuse CPU Usage: 1710 ms
Compiling module blink
Compiling module glbl
Time Resolution for simulation is 1ps.
Waiting for 1 sub-compilation(s) to finish...
Compiled 2 Verilog Units
Built simulation executable /home/karen/ARM16/blink_isim_beh.exe
Fuse Memory Usage: 80916 KB
Fuse CPU Usage: 1730 ms
GCC CPU Usage: 610 ms
